<?xml version="1.0" encoding="UTF-8"?>
<!-- Generated by org.testng.reporters.JUnitXMLReporter -->
<testsuite ignored="0" hostname="Mounika" failures="0" tests="11" name="Test" time="84.694" errors="0" timestamp="2023-07-18T11:15:24 IST">
  <testcase classname="test.TestDatePickerPage" name="Datepicker_Enabled" time="0.4"/>
  <testcase classname="test.TestDatePickerPage" name="Datepicker_Disabled" time="43.971"/>
  <testcase classname="test.TestFramesPage" name="testSingleIframe" time="0.209"/>
  <testcase classname="test.TestFramesPage" name="testFrameWithInFrame" time="0.264"/>
  <testcase classname="test.TestWindowsPage" name="testNewTabbedWindows" time="1.688"/>
  <testcase classname="test.TestWindowsPage" name="testSeperateWindows" time="1.112"/>
  <testcase classname="test.TestWindowsPage" name="testMultipleWindows" time="1.152"/>
  <testcase classname="test.TestRegisterPage" name="Register_Page_Test" time="4.411"/>
  <testcase classname="test.TestAlertsPage" name="alertsWithOk" time="0.183"/>
  <testcase classname="test.TestAlertsPage" name="alertsWithCancel" time="0.489"/>
  <testcase classname="test.TestAlertsPage" name="alertsWithTextBox" time="0.154"/>
</testsuite> <!-- Test -->
